#
# There is insufficient memory for the Java Runtime Environment to continue.
# Native memory allocation (malloc) failed to allocate 32744 bytes for ChunkPool::allocate
# Possible reasons:
#   The system is out of physical RAM or swap space
#   The process is running with CompressedOops enabled, and the Java Heap may be blocking the growth of the native heap
# Possible solutions:
#   Reduce memory load on the system
#   Increase physical memory or swap space
#   Check if swap backing store is full
#   Decrease Java heap size (-Xmx/-Xms)
#   Decrease number of Java threads
#   Decrease Java thread stack sizes (-Xss)
#   Set larger code cache with -XX:ReservedCodeCacheSize=
#   JVM is running with Unscaled Compressed Oops mode in which the Java heap is
#     placed in the first 4GB address space. The Java Heap base address is the
#     maximum limit for the native heap growth. Please use -XX:HeapBaseMinAddress
#     to set the Java Heap base and to place the Java Heap above 4GB virtual address.
# This output file may be truncated or incomplete.
#
#  Out of Memory Error (arena.cpp:78), pid=18736, tid=17388
#
# JRE version: OpenJDK Runtime Environment Temurin-17.0.4.1+1 (17.0.4.1+1) (build 17.0.4.1+1)
# Java VM: OpenJDK 64-Bit Server VM Temurin-17.0.4.1+1 (17.0.4.1+1, mixed mode, tiered, compressed oops, compressed class ptrs, parallel gc, windows-amd64)
# No core dump will be written. Minidumps are not enabled by default on client versions of Windows
#

---------------  S U M M A R Y ------------

Command Line: --add-modules=ALL-SYSTEM --add-opens=java.base/java.util=ALL-UNNAMED --add-opens=java.base/java.lang=ALL-UNNAMED --add-opens=java.base/sun.nio.fs=ALL-UNNAMED -Declipse.application=org.eclipse.jdt.ls.core.id1 -Dosgi.bundles.defaultStartLevel=4 -Declipse.product=org.eclipse.jdt.ls.core.product -Djava.import.generatesMetadataFilesAtProjectRoot=false -Dfile.encoding=utf8 -XX:+UseParallelGC -XX:GCTimeRatio=4 -XX:AdaptiveSizePolicyWeight=90 -Dsun.zip.disableMemoryMapping=true -Xmx1G -Xms100m -Xlog:disable -javaagent:c:\Users\anuki\.antigravity\extensions\redhat.java-1.12.0-win32-x64\lombok\lombok-1.18.24.jar -XX:+HeapDumpOnOutOfMemoryError -XX:HeapDumpPath=c:\Users\anuki\AppData\Roaming\Antigravity\User\workspaceStorage\04889d1cc4e80945d8b27b13eb4f74ee\redhat.java c:\Users\anuki\.antigravity\extensions\redhat.java-1.12.0-win32-x64\server\plugins\org.eclipse.equinox.launcher_1.6.400.v20210924-0641.jar -configuration c:\Users\anuki\AppData\Roaming\Antigravity\User\globalStorage\redhat.java\1.12.0\config_win -data c:\Users\anuki\AppData\Roaming\Antigravity\User\workspaceStorage\04889d1cc4e80945d8b27b13eb4f74ee\redhat.java\jdt_ws

Host: 12th Gen Intel(R) Core(TM) i5-1235U, 12 cores, 7G,  Windows 11 , 64 bit Build 22621 (10.0.22621.5262)
Time: Fri Apr  3 21:49:57 2026 India Standard Time elapsed time: 47.455806 seconds (0d 0h 0m 47s)

---------------  T H R E A D  ---------------

Current thread (0x000001973b3ce4f0):  JavaThread "C2 CompilerThread0" daemon [_thread_in_native, id=17388, stack(0x0000005abef00000,0x0000005abf000000)]


Current CompileTask:
C2:  47456 7126       4       java.util.HashMap::remove (26 bytes)

Stack: [0x0000005abef00000,0x0000005abf000000]
Native frames: (J=compiled Java code, j=interpreted, Vv=VM code, C=native code)
V  [jvm.dll+0x67731a]
V  [jvm.dll+0x832284]
V  [jvm.dll+0x833a2e]
V  [jvm.dll+0x834093]
V  [jvm.dll+0x245775]
V  [jvm.dll+0xabfc0]
V  [jvm.dll+0xac30c]
V  [jvm.dll+0x602b20]
V  [jvm.dll+0x602cb6]
V  [jvm.dll+0x602cb6]
V  [jvm.dll+0x602cb6]
V  [jvm.dll+0x608997]
V  [jvm.dll+0x609812]
V  [jvm.dll+0x607d74]
V  [jvm.dll+0x2184f8]
V  [jvm.dll+0x217aa1]
V  [jvm.dll+0x1a3f8d]
V  [jvm.dll+0x227498]
V  [jvm.dll+0x2255e5]
V  [jvm.dll+0x7e7e9b]
V  [jvm.dll+0x7e240a]
V  [jvm.dll+0x6761a5]
C  [ucrtbase.dll+0x29333]
C  [KERNEL32.DLL+0x1259d]
C  [ntdll.dll+0x5af58]


---------------  P R O C E S S  ---------------

Threads class SMR info:
_java_thread_list=0x0000019741a3c640, length=27, elements={
0x0000019727546830, 0x000001973b3c6870, 0x000001973b3c0f10, 0x000001973cede010,
0x000001973cee0a40, 0x000001973cec7620, 0x000001973b3cb770, 0x000001973b3ce4f0,
0x000001973cee7fe0, 0x000001973ceeb100, 0x000001973cf664e0, 0x000001973d1e5840,
0x000001973ea104f0, 0x000001973cf26df0, 0x000001973cf334e0, 0x000001973e73c300,
0x000001973e63fb70, 0x000001973eb78320, 0x000001973e4cd390, 0x000001973e4ce200,
0x000001973e4cc050, 0x000001973e4cc9f0, 0x000001973e4ce6d0, 0x000001973e4cd860,
0x000001973e4cb6b0, 0x000001973e4ccec0, 0x000001973e4cc520
}

Java Threads: ( => current thread )
  0x0000019727546830 JavaThread "main" [_thread_blocked, id=26072, stack(0x0000005abe600000,0x0000005abe700000)]
  0x000001973b3c6870 JavaThread "Reference Handler" daemon [_thread_blocked, id=24700, stack(0x0000005abe900000,0x0000005abea00000)]
  0x000001973b3c0f10 JavaThread "Finalizer" daemon [_thread_blocked, id=29708, stack(0x0000005abea00000,0x0000005abeb00000)]
  0x000001973cede010 JavaThread "Signal Dispatcher" daemon [_thread_blocked, id=39756, stack(0x0000005abeb00000,0x0000005abec00000)]
  0x000001973cee0a40 JavaThread "Attach Listener" daemon [_thread_blocked, id=39640, stack(0x0000005abec00000,0x0000005abed00000)]
  0x000001973cec7620 JavaThread "Service Thread" daemon [_thread_blocked, id=20744, stack(0x0000005abed00000,0x0000005abee00000)]
  0x000001973b3cb770 JavaThread "Monitor Deflation Thread" daemon [_thread_blocked, id=36504, stack(0x0000005abee00000,0x0000005abef00000)]
=>0x000001973b3ce4f0 JavaThread "C2 CompilerThread0" daemon [_thread_in_native, id=17388, stack(0x0000005abef00000,0x0000005abf000000)]
  0x000001973cee7fe0 JavaThread "C1 CompilerThread0" daemon [_thread_blocked, id=30744, stack(0x0000005abf000000,0x0000005abf100000)]
  0x000001973ceeb100 JavaThread "Sweeper thread" daemon [_thread_blocked, id=41564, stack(0x0000005abf100000,0x0000005abf200000)]
  0x000001973cf664e0 JavaThread "Common-Cleaner" daemon [_thread_blocked, id=27644, stack(0x0000005abf200000,0x0000005abf300000)]
  0x000001973d1e5840 JavaThread "Notification Thread" daemon [_thread_blocked, id=20672, stack(0x0000005abf300000,0x0000005abf400000)]
  0x000001973ea104f0 JavaThread "Active Thread: Equinox Container: c653dee4-9acc-4c55-9331-fce9058dda84" [_thread_blocked, id=29760, stack(0x0000005abfa00000,0x0000005abfb00000)]
  0x000001973cf26df0 JavaThread "Framework Event Dispatcher: Equinox Container: c653dee4-9acc-4c55-9331-fce9058dda84" daemon [_thread_blocked, id=27028, stack(0x0000005abfb00000,0x0000005abfc00000)]
  0x000001973cf334e0 JavaThread "Start Level: Equinox Container: c653dee4-9acc-4c55-9331-fce9058dda84" daemon [_thread_blocked, id=18304, stack(0x0000005abfc00000,0x0000005abfd00000)]
  0x000001973e73c300 JavaThread "SCR Component Actor" daemon [_thread_blocked, id=14528, stack(0x0000005abfd00000,0x0000005abfe00000)]
  0x000001973e63fb70 JavaThread "Bundle File Closer" daemon [_thread_blocked, id=14272, stack(0x0000005ac0100000,0x0000005ac0200000)]
  0x000001973eb78320 JavaThread "Worker-JM" [_thread_blocked, id=22800, stack(0x0000005ac0400000,0x0000005ac0500000)]
  0x000001973e4cd390 JavaThread "Worker-0: Initialize Workspace" [_thread_in_Java, id=32388, stack(0x0000005ac0500000,0x0000005ac0600000)]
  0x000001973e4ce200 JavaThread "Worker-1" [_thread_blocked, id=22508, stack(0x0000005ac0600000,0x0000005ac0700000)]
  0x000001973e4cc050 JavaThread "Java indexing" daemon [_thread_in_Java, id=15940, stack(0x0000005ac0700000,0x0000005ac0800000)]
  0x000001973e4cc9f0 JavaThread "Worker-2: Java indexing... " [_thread_blocked, id=16600, stack(0x0000005ac0800000,0x0000005ac0900000)]
  0x000001973e4ce6d0 JavaThread "JNA Cleaner" daemon [_thread_blocked, id=3400, stack(0x0000005ac0900000,0x0000005ac0a00000)]
  0x000001973e4cd860 JavaThread "pool-2-thread-1" [_thread_blocked, id=27540, stack(0x0000005ac0a00000,0x0000005ac0b00000)]
  0x000001973e4cb6b0 JavaThread "pool-1-thread-1" [_thread_blocked, id=956, stack(0x0000005ac0b00000,0x0000005ac0c00000)]
  0x000001973e4ccec0 JavaThread "Worker-3" [_thread_blocked, id=25536, stack(0x0000005ac0c00000,0x0000005ac0d00000)]
  0x000001973e4cc520 JavaThread "Worker-4" [_thread_blocked, id=32232, stack(0x0000005ac0d00000,0x0000005ac0e00000)]

Other Threads:
  0x000001973b28fff0 VMThread "VM Thread" [stack: 0x0000005abe800000,0x0000005abe900000] [id=5104]
  0x000001973d1eeb00 WatcherThread [stack: 0x0000005abf400000,0x0000005abf500000] [id=29088]
  0x000001972755c920 GCTaskThread "GC Thread#0" [stack: 0x0000005abe700000,0x0000005abe800000] [id=37068]
  0x000001973ea11b60 GCTaskThread "GC Thread#1" [stack: 0x0000005abf500000,0x0000005abf600000] [id=31296]
  0x000001973ea14070 GCTaskThread "GC Thread#2" [stack: 0x0000005abf600000,0x0000005abf700000] [id=13624]
  0x000001973ea14320 GCTaskThread "GC Thread#3" [stack: 0x0000005abf700000,0x0000005abf800000] [id=2040]
  0x000001973ea145d0 GCTaskThread "GC Thread#4" [stack: 0x0000005abf800000,0x0000005abf900000] [id=19004]
  0x000001973e9bb030 GCTaskThread "GC Thread#5" [stack: 0x0000005abf900000,0x0000005abfa00000] [id=20368]
  0x000001973e74bb40 GCTaskThread "GC Thread#6" [stack: 0x0000005abfe00000,0x0000005abff00000] [id=15620]
  0x000001973e74bdf0 GCTaskThread "GC Thread#7" [stack: 0x0000005abff00000,0x0000005ac0000000] [id=13280]
  0x000001973eaa4810 GCTaskThread "GC Thread#8" [stack: 0x0000005ac0200000,0x0000005ac0300000] [id=13628]
  0x000001973f84f8c0 GCTaskThread "GC Thread#9" [stack: 0x0000005ac0300000,0x0000005ac0400000] [id=24296]

Threads with active compile tasks:
C2 CompilerThread0    47498 7126       4       java.util.HashMap::remove (26 bytes)

VM state: not at safepoint (normal execution)

VM Mutex/Monitor currently owned by a thread: None

Heap address: 0x00000000c0000000, size: 1024 MB, Compressed Oops mode: 32-bit

CDS archive(s) not mapped
Compressed class space mapped at: 0x0000000100000000-0x0000000140000000, reserved size: 1073741824
Narrow klass base: 0x0000000000000000, Narrow klass shift: 3, Narrow klass range: 0x140000000

GC Precious Log:
 CPUs: 12 total, 12 available
 Memory: 7876M
 Large Page Support: Disabled
 NUMA Support: Disabled
 Compressed Oops: Enabled (32-bit)
 Alignments: Space 512K, Generation 512K, Heap 2M
 Heap Min Capacity: 100M
 Heap Initial Capacity: 100M
 Heap Max Capacity: 1G
 Pre-touch: Disabled
 Parallel Workers: 10

Heap:
 PSYoungGen      total 8704K, used 5409K [0x00000000eab00000, 0x00000000ebb00000, 0x0000000100000000)
  eden space 3072K, 5% used [0x00000000eab00000,0x00000000eab272e8,0x00000000eae00000)
  from space 5632K, 93% used [0x00000000eae00000,0x00000000eb325ff0,0x00000000eb380000)
  to   space 6656K, 0% used [0x00000000eb480000,0x00000000eb480000,0x00000000ebb00000)
 ParOldGen       total 699392K, used 322179K [0x00000000c0000000, 0x00000000eab00000, 0x00000000eab00000)
  object space 699392K, 46% used [0x00000000c0000000,0x00000000d3aa0e88,0x00000000eab00000)
 Metaspace       used 50255K, committed 51136K, reserved 1097728K
  class space    used 5312K, committed 5696K, reserved 1048576K

Card table byte_map: [0x0000019726f20000,0x0000019727130000] _byte_map_base: 0x0000019726920000

Marking Bits: (ParMarkBitMap*) 0x00007ffd016d2cc0
 Begin Bits: [0x00000197391d0000, 0x000001973a1d0000)
 End Bits:   [0x000001973a1d0000, 0x000001973b1d0000)

Polling page: 0x0000019726d10000

Metaspace:

Usage:
  Non-class:     43.89 MB used.
      Class:      5.19 MB used.
       Both:     49.08 MB used.

Virtual space:
  Non-class space:       48.00 MB reserved,      44.38 MB ( 92%) committed,  6 nodes.
      Class space:        1.00 GB reserved,       5.56 MB ( <1%) committed,  1 nodes.
             Both:        1.05 GB reserved,      49.94 MB (  5%) committed. 

Chunk freelists:
   Non-Class:  2.91 MB
       Class:  2.38 MB
        Both:  5.28 MB

MaxMetaspaceSize: unlimited
CompressedClassSpaceSize: 1.00 GB
Initial GC threshold: 21.00 MB
Current GC threshold: 82.94 MB
CDS: off
MetaspaceReclaimPolicy: balanced
 - commit_granule_bytes: 65536.
 - commit_granule_words: 8192.
 - virtual_space_node_default_size: 1048576.
 - enlarge_chunks_in_place: 1.
 - new_chunks_are_fully_committed: 0.
 - uncommit_free_chunks: 1.
 - use_allocation_guard: 0.
 - handle_deallocations: 1.


Internal statistics:

num_allocs_failed_limit: 6.
num_arena_births: 474.
num_arena_deaths: 14.
num_vsnodes_births: 7.
num_vsnodes_deaths: 0.
num_space_committed: 799.
num_space_uncommitted: 0.
num_chunks_returned_to_freelist: 20.
num_chunks_taken_from_freelist: 2211.
num_chunk_merges: 10.
num_chunk_splits: 1479.
num_chunks_enlarged: 1014.
num_purges: 2.
num_inconsistent_stats: 0.

CodeHeap 'non-profiled nmethods': size=120000Kb used=3557Kb max_used=3557Kb free=116442Kb
 bounds [0x0000019731ca0000, 0x0000019732020000, 0x00000197391d0000]
CodeHeap 'profiled nmethods': size=120000Kb used=12076Kb max_used=12097Kb free=107923Kb
 bounds [0x000001972a770000, 0x000001972b360000, 0x0000019731ca0000]
CodeHeap 'non-nmethods': size=5760Kb used=1288Kb max_used=1357Kb free=4471Kb
 bounds [0x000001972a1d0000, 0x000001972a440000, 0x000001972a770000]
 total_blobs=6745 nmethods=6133 adapters=524
 compilation: enabled
              stopped_count=0, restarted_count=0
 full_count=0

Compilation events (20 events):
Event: 47.298 Thread 0x000001973b3ce4f0 7115       4       org.eclipse.core.runtime.jobs.Job::getState (5 bytes)
Event: 47.300 Thread 0x000001973b3ce4f0 nmethod 7115 0x0000019732016a10 code [0x0000019732016b80, 0x0000019732016c58]
Event: 47.405 Thread 0x000001973b3ce4f0 7116   !   4       org.eclipse.osgi.storage.bundlefile.CloseableBundleFile::lockOpen (113 bytes)
Event: 47.418 Thread 0x000001973cee7fe0 7117       3       java.io.RandomAccessFile::<init> (8 bytes)
Event: 47.419 Thread 0x000001973cee7fe0 nmethod 7117 0x000001972b12e190 code [0x000001972b12e320, 0x000001972b12e468]
Event: 47.419 Thread 0x000001973cee7fe0 7118       3       java.io.RandomAccessFile::<init> (262 bytes)
Event: 47.421 Thread 0x000001973cee7fe0 nmethod 7118 0x000001972b07d190 code [0x000001972b07d520, 0x000001972b07ea08]
Event: 47.421 Thread 0x000001973cee7fe0 7119       3       java.util.zip.ZipFile$Source$Key::hashCode (46 bytes)
Event: 47.422 Thread 0x000001973cee7fe0 nmethod 7119 0x000001972b12d990 code [0x000001972b12db80, 0x000001972b12df98]
Event: 47.427 Thread 0x000001973cee7fe0 7121   !   3       java.util.zip.ZipFile$Source::<init> (167 bytes)
Event: 47.428 Thread 0x000001973b3ce4f0 nmethod 7116 0x0000019732017110 code [0x0000019732017340, 0x0000019732017c20]
Event: 47.428 Thread 0x000001973b3ce4f0 7120       4       java.util.ArrayDeque::addLast (51 bytes)
Event: 47.430 Thread 0x000001973cee7fe0 nmethod 7121 0x000001972b07b690 code [0x000001972b07b9a0, 0x000001972b07c9f8]
Event: 47.430 Thread 0x000001973cee7fe0 7123       3       java.net.URL::<init> (7 bytes)
Event: 47.430 Thread 0x000001973b3ce4f0 nmethod 7120 0x0000019732018490 code [0x0000019732018620, 0x0000019732018788]
Event: 47.430 Thread 0x000001973cee7fe0 nmethod 7123 0x000001972b12d510 code [0x000001972b12d6c0, 0x000001972b12d868]
Event: 47.430 Thread 0x000001973b3ce4f0 7124   !   4       java.util.zip.ZipFile$Source::readFullyAt (74 bytes)
Event: 47.432 Thread 0x000001973cee7fe0 7125       3       java.net.URLStreamHandler::parseURL (1201 bytes)
Event: 47.436 Thread 0x000001973b3ce4f0 nmethod 7124 0x0000019732018910 code [0x0000019732018ac0, 0x0000019732018fd8]
Event: 47.436 Thread 0x000001973b3ce4f0 7126       4       java.util.HashMap::remove (26 bytes)

GC Heap History (20 events):
Event: 46.981 GC heap before
{Heap before GC invocations=264 (full 115):
 PSYoungGen      total 5120K, used 5099K [0x00000000eab00000, 0x00000000eb500000, 0x0000000100000000)
  eden space 1536K, 99% used [0x00000000eab00000,0x00000000eac7fff8,0x00000000eac80000)
  from space 3584K, 99% used [0x00000000eac80000,0x00000000eaffad20,0x00000000eb000000)
  to   space 4096K, 0% used [0x00000000eb100000,0x00000000eb100000,0x00000000eb500000)
 ParOldGen       total 699392K, used 303626K [0x00000000c0000000, 0x00000000eab00000, 0x00000000eab00000)
  object space 699392K, 43% used [0x00000000c0000000,0x00000000d2882ac8,0x00000000eab00000)
 Metaspace       used 50070K, committed 50944K, reserved 1097728K
  class space    used 5293K, committed 5696K, reserved 1048576K
}
Event: 46.987 GC heap after
{Heap after GC invocations=264 (full 115):
 PSYoungGen      total 4608K, used 4079K [0x00000000eab00000, 0x00000000eb800000, 0x0000000100000000)
  eden space 512K, 0% used [0x00000000eab00000,0x00000000eab00000,0x00000000eab80000)
  from space 4096K, 99% used [0x00000000eb100000,0x00000000eb4fbcf0,0x00000000eb500000)
  to   space 5632K, 0% used [0x00000000eab80000,0x00000000eab80000,0x00000000eb100000)
 ParOldGen       total 699392K, used 304610K [0x00000000c0000000, 0x00000000eab00000, 0x00000000eab00000)
  object space 699392K, 43% used [0x00000000c0000000,0x00000000d2978ac8,0x00000000eab00000)
 Metaspace       used 50070K, committed 50944K, reserved 1097728K
  class space    used 5293K, committed 5696K, reserved 1048576K
}
Event: 47.056 GC heap before
{Heap before GC invocations=265 (full 115):
 PSYoungGen      total 4608K, used 4591K [0x00000000eab00000, 0x00000000eb800000, 0x0000000100000000)
  eden space 512K, 100% used [0x00000000eab00000,0x00000000eab80000,0x00000000eab80000)
  from space 4096K, 99% used [0x00000000eb100000,0x00000000eb4fbcf0,0x00000000eb500000)
  to   space 5632K, 0% used [0x00000000eab80000,0x00000000eab80000,0x00000000eb100000)
 ParOldGen       total 699392K, used 307298K [0x00000000c0000000, 0x00000000eab00000, 0x00000000eab00000)
  object space 699392K, 43% used [0x00000000c0000000,0x00000000d2c18ac8,0x00000000eab00000)
 Metaspace       used 50070K, committed 50944K, reserved 1097728K
  class space    used 5293K, committed 5696K, reserved 1048576K
}
Event: 47.062 GC heap after
{Heap after GC invocations=265 (full 115):
 PSYoungGen      total 4608K, used 3739K [0x00000000eab00000, 0x00000000eb500000, 0x0000000100000000)
  eden space 512K, 0% used [0x00000000eab00000,0x00000000eab00000,0x00000000eab80000)
  from space 4096K, 91% used [0x00000000eab80000,0x00000000eaf26e60,0x00000000eaf80000)
  to   space 4608K, 0% used [0x00000000eb080000,0x00000000eb080000,0x00000000eb500000)
 ParOldGen       total 699392K, used 309002K [0x00000000c0000000, 0x00000000eab00000, 0x00000000eab00000)
  object space 699392K, 44% used [0x00000000c0000000,0x00000000d2dc2958,0x00000000eab00000)
 Metaspace       used 50070K, committed 50944K, reserved 1097728K
  class space    used 5293K, committed 5696K, reserved 1048576K
}
Event: 47.075 GC heap before
{Heap before GC invocations=266 (full 115):
 PSYoungGen      total 4608K, used 4251K [0x00000000eab00000, 0x00000000eb500000, 0x0000000100000000)
  eden space 512K, 100% used [0x00000000eab00000,0x00000000eab80000,0x00000000eab80000)
  from space 4096K, 91% used [0x00000000eab80000,0x00000000eaf26e60,0x00000000eaf80000)
  to   space 4608K, 0% used [0x00000000eb080000,0x00000000eb080000,0x00000000eb500000)
 ParOldGen       total 699392K, used 309002K [0x00000000c0000000, 0x00000000eab00000, 0x00000000eab00000)
  object space 699392K, 44% used [0x00000000c0000000,0x00000000d2dc2958,0x00000000eab00000)
 Metaspace       used 50070K, committed 50944K, reserved 1097728K
  class space    used 5293K, committed 5696K, reserved 1048576K
}
Event: 47.080 GC heap after
{Heap after GC invocations=266 (full 115):
 PSYoungGen      total 5632K, used 4267K [0x00000000eab00000, 0x00000000eb500000, 0x0000000100000000)
  eden space 1024K, 0% used [0x00000000eab00000,0x00000000eab00000,0x00000000eac00000)
  from space 4608K, 92% used [0x00000000eb080000,0x00000000eb4aad78,0x00000000eb500000)
  to   space 4608K, 0% used [0x00000000eac00000,0x00000000eac00000,0x00000000eb080000)
 ParOldGen       total 699392K, used 309002K [0x00000000c0000000, 0x00000000eab00000, 0x00000000eab00000)
  object space 699392K, 44% used [0x00000000c0000000,0x00000000d2dc2958,0x00000000eab00000)
 Metaspace       used 50070K, committed 50944K, reserved 1097728K
  class space    used 5293K, committed 5696K, reserved 1048576K
}
Event: 47.113 GC heap before
{Heap before GC invocations=267 (full 115):
 PSYoungGen      total 5632K, used 5291K [0x00000000eab00000, 0x00000000eb500000, 0x0000000100000000)
  eden space 1024K, 100% used [0x00000000eab00000,0x00000000eac00000,0x00000000eac00000)
  from space 4608K, 92% used [0x00000000eb080000,0x00000000eb4aad78,0x00000000eb500000)
  to   space 4608K, 0% used [0x00000000eac00000,0x00000000eac00000,0x00000000eb080000)
 ParOldGen       total 699392K, used 309002K [0x00000000c0000000, 0x00000000eab00000, 0x00000000eab00000)
  object space 699392K, 44% used [0x00000000c0000000,0x00000000d2dc2958,0x00000000eab00000)
 Metaspace       used 50070K, committed 50944K, reserved 1097728K
  class space    used 5293K, committed 5696K, reserved 1048576K
}
Event: 47.122 GC heap after
{Heap after GC invocations=267 (full 115):
 PSYoungGen      total 5632K, used 4583K [0x00000000eab00000, 0x00000000eb780000, 0x0000000100000000)
  eden space 1024K, 0% used [0x00000000eab00000,0x00000000eab00000,0x00000000eac00000)
  from space 4608K, 99% used [0x00000000eac00000,0x00000000eb079cc0,0x00000000eb080000)
  to   space 5632K, 0% used [0x00000000eb200000,0x00000000eb200000,0x00000000eb780000)
 ParOldGen       total 699392K, used 309466K [0x00000000c0000000, 0x00000000eab00000, 0x00000000eab00000)
  object space 699392K, 44% used [0x00000000c0000000,0x00000000d2e36958,0x00000000eab00000)
 Metaspace       used 50070K, committed 50944K, reserved 1097728K
  class space    used 5293K, committed 5696K, reserved 1048576K
}
Event: 47.149 GC heap before
{Heap before GC invocations=268 (full 115):
 PSYoungGen      total 5632K, used 5607K [0x00000000eab00000, 0x00000000eb780000, 0x0000000100000000)
  eden space 1024K, 100% used [0x00000000eab00000,0x00000000eac00000,0x00000000eac00000)
  from space 4608K, 99% used [0x00000000eac00000,0x00000000eb079cc0,0x00000000eb080000)
  to   space 5632K, 0% used [0x00000000eb200000,0x00000000eb200000,0x00000000eb780000)
 ParOldGen       total 699392K, used 309466K [0x00000000c0000000, 0x00000000eab00000, 0x00000000eab00000)
  object space 699392K, 44% used [0x00000000c0000000,0x00000000d2e36958,0x00000000eab00000)
 Metaspace       used 50070K, committed 50944K, reserved 1097728K
  class space    used 5293K, committed 5696K, reserved 1048576K
}
Event: 47.157 GC heap after
{Heap after GC invocations=268 (full 115):
 PSYoungGen      total 5632K, used 3743K [0x00000000eab00000, 0x00000000eb600000, 0x0000000100000000)
  eden space 1536K, 0% used [0x00000000eab00000,0x00000000eab00000,0x00000000eac80000)
  from space 4096K, 91% used [0x00000000eb200000,0x00000000eb5a7d70,0x00000000eb600000)
  to   space 4608K, 0% used [0x00000000ead00000,0x00000000ead00000,0x00000000eb180000)
 ParOldGen       total 699392K, used 311472K [0x00000000c0000000, 0x00000000eab00000, 0x00000000eab00000)
  object space 699392K, 44% used [0x00000000c0000000,0x00000000d302c248,0x00000000eab00000)
 Metaspace       used 50070K, committed 50944K, reserved 1097728K
  class space    used 5293K, committed 5696K, reserved 1048576K
}
Event: 47.199 GC heap before
{Heap before GC invocations=269 (full 115):
 PSYoungGen      total 5632K, used 5279K [0x00000000eab00000, 0x00000000eb600000, 0x0000000100000000)
  eden space 1536K, 100% used [0x00000000eab00000,0x00000000eac80000,0x00000000eac80000)
  from space 4096K, 91% used [0x00000000eb200000,0x00000000eb5a7d70,0x00000000eb600000)
  to   space 4608K, 0% used [0x00000000ead00000,0x00000000ead00000,0x00000000eb180000)
 ParOldGen       total 699392K, used 311472K [0x00000000c0000000, 0x00000000eab00000, 0x00000000eab00000)
  object space 699392K, 44% used [0x00000000c0000000,0x00000000d302c248,0x00000000eab00000)
 Metaspace       used 50070K, committed 50944K, reserved 1097728K
  class space    used 5293K, committed 5696K, reserved 1048576K
}
Event: 47.206 GC heap after
{Heap after GC invocations=269 (full 115):
 PSYoungGen      total 6656K, used 4594K [0x00000000eab00000, 0x00000000eb800000, 0x0000000100000000)
  eden space 2048K, 0% used [0x00000000eab00000,0x00000000eab00000,0x00000000ead00000)
  from space 4608K, 99% used [0x00000000ead00000,0x00000000eb17cb20,0x00000000eb180000)
  to   space 5632K, 0% used [0x00000000eb280000,0x00000000eb280000,0x00000000eb800000)
 ParOldGen       total 699392K, used 312016K [0x00000000c0000000, 0x00000000eab00000, 0x00000000eab00000)
  object space 699392K, 44% used [0x00000000c0000000,0x00000000d30b4248,0x00000000eab00000)
 Metaspace       used 50070K, committed 50944K, reserved 1097728K
  class space    used 5293K, committed 5696K, reserved 1048576K
}
Event: 47.239 GC heap before
{Heap before GC invocations=270 (full 115):
 PSYoungGen      total 6656K, used 6642K [0x00000000eab00000, 0x00000000eb800000, 0x0000000100000000)
  eden space 2048K, 100% used [0x00000000eab00000,0x00000000ead00000,0x00000000ead00000)
  from space 4608K, 99% used [0x00000000ead00000,0x00000000eb17cb20,0x00000000eb180000)
  to   space 5632K, 0% used [0x00000000eb280000,0x00000000eb280000,0x00000000eb800000)
 ParOldGen       total 699392K, used 312016K [0x00000000c0000000, 0x00000000eab00000, 0x00000000eab00000)
  object space 699392K, 44% used [0x00000000c0000000,0x00000000d30b4248,0x00000000eab00000)
 Metaspace       used 50070K, committed 50944K, reserved 1097728K
  class space    used 5293K, committed 5696K, reserved 1048576K
}
Event: 47.246 GC heap after
{Heap after GC invocations=270 (full 115):
 PSYoungGen      total 7680K, used 5490K [0x00000000eab00000, 0x00000000eb880000, 0x0000000100000000)
  eden space 2048K, 0% used [0x00000000eab00000,0x00000000eab00000,0x00000000ead00000)
  from space 5632K, 97% used [0x00000000eb280000,0x00000000eb7dca60,0x00000000eb800000)
  to   space 5632K, 0% used [0x00000000ead00000,0x00000000ead00000,0x00000000eb280000)
 ParOldGen       total 699392K, used 313411K [0x00000000c0000000, 0x00000000eab00000, 0x00000000eab00000)
  object space 699392K, 44% used [0x00000000c0000000,0x00000000d3210ce8,0x00000000eab00000)
 Metaspace       used 50070K, committed 50944K, reserved 1097728K
  class space    used 5293K, committed 5696K, reserved 1048576K
}
Event: 47.306 GC heap before
{Heap before GC invocations=271 (full 115):
 PSYoungGen      total 7680K, used 7538K [0x00000000eab00000, 0x00000000eb880000, 0x0000000100000000)
  eden space 2048K, 100% used [0x00000000eab00000,0x00000000ead00000,0x00000000ead00000)
  from space 5632K, 97% used [0x00000000eb280000,0x00000000eb7dca60,0x00000000eb800000)
  to   space 5632K, 0% used [0x00000000ead00000,0x00000000ead00000,0x00000000eb280000)
 ParOldGen       total 699392K, used 313411K [0x00000000c0000000, 0x00000000eab00000, 0x00000000eab00000)
  object space 699392K, 44% used [0x00000000c0000000,0x00000000d3210ce8,0x00000000eab00000)
 Metaspace       used 50070K, committed 50944K, reserved 1097728K
  class space    used 5293K, committed 5696K, reserved 1048576K
}
Event: 47.314 GC heap after
{Heap after GC invocations=271 (full 115):
 PSYoungGen      total 7680K, used 5614K [0x00000000eab00000, 0x00000000ebd80000, 0x0000000100000000)
  eden space 2048K, 0% used [0x00000000eab00000,0x00000000eab00000,0x00000000ead00000)
  from space 5632K, 99% used [0x00000000ead00000,0x00000000eb27b9a8,0x00000000eb280000)
  to   space 8192K, 0% used [0x00000000eb580000,0x00000000eb580000,0x00000000ebd80000)
 ParOldGen       total 699392K, used 315139K [0x00000000c0000000, 0x00000000eab00000, 0x00000000eab00000)
  object space 699392K, 45% used [0x00000000c0000000,0x00000000d33c0ce8,0x00000000eab00000)
 Metaspace       used 50070K, committed 50944K, reserved 1097728K
  class space    used 5293K, committed 5696K, reserved 1048576K
}
Event: 47.364 GC heap before
{Heap before GC invocations=272 (full 115):
 PSYoungGen      total 7680K, used 7316K [0x00000000eab00000, 0x00000000ebd80000, 0x0000000100000000)
  eden space 2048K, 83% used [0x00000000eab00000,0x00000000eaca9808,0x00000000ead00000)
  from space 5632K, 99% used [0x00000000ead00000,0x00000000eb27b9a8,0x00000000eb280000)
  to   space 8192K, 0% used [0x00000000eb580000,0x00000000eb580000,0x00000000ebd80000)
 ParOldGen       total 699392K, used 315139K [0x00000000c0000000, 0x00000000eab00000, 0x00000000eab00000)
  object space 699392K, 45% used [0x00000000c0000000,0x00000000d33c0ce8,0x00000000eab00000)
 Metaspace       used 50070K, committed 50944K, reserved 1097728K
  class space    used 5293K, committed 5696K, reserved 1048576K
}
Event: 47.372 GC heap after
{Heap after GC invocations=272 (full 115):
 PSYoungGen      total 9216K, used 6418K [0x00000000eab00000, 0x00000000ebc00000, 0x0000000100000000)
  eden space 2560K, 0% used [0x00000000eab00000,0x00000000eab00000,0x00000000ead80000)
  from space 6656K, 96% used [0x00000000eb580000,0x00000000ebbc4868,0x00000000ebc00000)
  to   space 7168K, 0% used [0x00000000eae00000,0x00000000eae00000,0x00000000eb500000)
 ParOldGen       total 699392K, used 316233K [0x00000000c0000000, 0x00000000eab00000, 0x00000000eab00000)
  object space 699392K, 45% used [0x00000000c0000000,0x00000000d34d2588,0x00000000eab00000)
 Metaspace       used 50070K, committed 50944K, reserved 1097728K
  class space    used 5293K, committed 5696K, reserved 1048576K
}
Event: 47.409 GC heap before
{Heap before GC invocations=273 (full 115):
 PSYoungGen      total 9216K, used 8978K [0x00000000eab00000, 0x00000000ebc00000, 0x0000000100000000)
  eden space 2560K, 100% used [0x00000000eab00000,0x00000000ead80000,0x00000000ead80000)
  from space 6656K, 96% used [0x00000000eb580000,0x00000000ebbc4868,0x00000000ebc00000)
  to   space 7168K, 0% used [0x00000000eae00000,0x00000000eae00000,0x00000000eb500000)
 ParOldGen       total 699392K, used 316233K [0x00000000c0000000, 0x00000000eab00000, 0x00000000eab00000)
  object space 699392K, 45% used [0x00000000c0000000,0x00000000d34d2588,0x00000000eab00000)
 Metaspace       used 50084K, committed 50944K, reserved 1097728K
  class space    used 5297K, committed 5696K, reserved 1048576K
}
Event: 47.418 GC heap after
{Heap after GC invocations=273 (full 115):
 PSYoungGen      total 9728K, used 7165K [0x00000000eab00000, 0x00000000ebc00000, 0x0000000100000000)
  eden space 2560K, 0% used [0x00000000eab00000,0x00000000eab00000,0x00000000ead80000)
  from space 7168K, 99% used [0x00000000eae00000,0x00000000eb4ff6f0,0x00000000eb500000)
  to   space 6656K, 0% used [0x00000000eb580000,0x00000000eb580000,0x00000000ebc00000)
 ParOldGen       total 699392K, used 317633K [0x00000000c0000000, 0x00000000eab00000, 0x00000000eab00000)
  object space 699392K, 45% used [0x00000000c0000000,0x00000000d3630550,0x00000000eab00000)
 Metaspace       used 50084K, committed 50944K, reserved 1097728K
  class space    used 5297K, committed 5696K, reserved 1048576K
}

Deoptimization events (20 events):
Event: 46.247 Thread 0x000001973e4cc050 DEOPT PACKING pc=0x000001972a8162bb sp=0x0000005ac07ff2c0
Event: 46.247 Thread 0x000001973e4cc050 DEOPT UNPACKING pc=0x000001972a222843 sp=0x0000005ac07fe790 mode 0
Event: 46.251 Thread 0x000001973e4cc050 DEOPT PACKING pc=0x000001972a8162bb sp=0x0000005ac07ff2c0
Event: 46.251 Thread 0x000001973e4cc050 DEOPT UNPACKING pc=0x000001972a222843 sp=0x0000005ac07fe790 mode 0
Event: 46.253 Thread 0x000001973e4cc050 DEOPT PACKING pc=0x000001972a8162bb sp=0x0000005ac07ff2c0
Event: 46.253 Thread 0x000001973e4cc050 DEOPT UNPACKING pc=0x000001972a222843 sp=0x0000005ac07fe790 mode 0
Event: 46.255 Thread 0x000001973e4cc050 DEOPT PACKING pc=0x000001972a8162bb sp=0x0000005ac07ff2c0
Event: 46.255 Thread 0x000001973e4cc050 DEOPT UNPACKING pc=0x000001972a222843 sp=0x0000005ac07fe790 mode 0
Event: 46.271 Thread 0x000001973e4cc050 DEOPT PACKING pc=0x000001972a8162bb sp=0x0000005ac07ff2c0
Event: 46.271 Thread 0x000001973e4cc050 DEOPT UNPACKING pc=0x000001972a222843 sp=0x0000005ac07fe790 mode 0
Event: 46.273 Thread 0x000001973e4cc050 DEOPT PACKING pc=0x000001972a8162bb sp=0x0000005ac07ff2c0
Event: 46.273 Thread 0x000001973e4cc050 DEOPT UNPACKING pc=0x000001972a222843 sp=0x0000005ac07fe790 mode 0
Event: 47.431 Thread 0x000001973e4cd390 Uncommon trap: trap_request=0xffffff66 fr.pc=0x0000019731e97488 relative=0x0000000000000808
Event: 47.431 Thread 0x000001973e4cd390 Uncommon trap: reason=speculate_class_check action=maybe_recompile pc=0x0000019731e97488 method=java.util.regex.Pattern$CharPredicate.lambda$negate$3(I)Z @ 2 c2
Event: 47.431 Thread 0x000001973e4cd390 DEOPT PACKING pc=0x0000019731e97488 sp=0x0000005ac05fcd40
Event: 47.431 Thread 0x000001973e4cd390 DEOPT UNPACKING pc=0x000001972a2220a3 sp=0x0000005ac05fcbf0 mode 2
Event: 47.432 Thread 0x000001973e4cd390 Uncommon trap: trap_request=0xffffff66 fr.pc=0x0000019731e97488 relative=0x0000000000000808
Event: 47.432 Thread 0x000001973e4cd390 Uncommon trap: reason=speculate_class_check action=maybe_recompile pc=0x0000019731e97488 method=java.util.regex.Pattern$CharPredicate.lambda$negate$3(I)Z @ 2 c2
Event: 47.432 Thread 0x000001973e4cd390 DEOPT PACKING pc=0x0000019731e97488 sp=0x0000005ac05fcd40
Event: 47.433 Thread 0x000001973e4cd390 DEOPT UNPACKING pc=0x000001972a2220a3 sp=0x0000005ac05fcbf0 mode 2

Classes unloaded (7 events):
Event: 18.729 Thread 0x000001973b28fff0 Unloading class 0x000000010020d400 'java/lang/invoke/LambdaForm$MH+0x000000010020d400'
Event: 18.729 Thread 0x000001973b28fff0 Unloading class 0x000000010020d000 'java/lang/invoke/LambdaForm$MH+0x000000010020d000'
Event: 18.729 Thread 0x000001973b28fff0 Unloading class 0x000000010020cc00 'java/lang/invoke/LambdaForm$MH+0x000000010020cc00'
Event: 18.729 Thread 0x000001973b28fff0 Unloading class 0x000000010020c400 'java/lang/invoke/LambdaForm$MH+0x000000010020c400'
Event: 18.729 Thread 0x000001973b28fff0 Unloading class 0x000000010020c000 'java/lang/invoke/LambdaForm$BMH+0x000000010020c000'
Event: 18.729 Thread 0x000001973b28fff0 Unloading class 0x000000010020bc00 'java/lang/invoke/LambdaForm$DMH+0x000000010020bc00'
Event: 18.729 Thread 0x000001973b28fff0 Unloading class 0x0000000100208400 'java/lang/invoke/LambdaForm$DMH+0x0000000100208400'

Classes redefined (0 events):
No events

Internal exceptions (20 events):
Event: 30.182 Thread 0x000001973e4cd390 Exception <a 'java/lang/NoSuchMethodError'{0x00000000eacdd970}: 'int java.lang.invoke.DirectMethodHandle$Holder.invokeStaticInit(java.lang.Object, double, double)'> (0x00000000eacdd970) 
thrown [s\src\hotspot\share\interpreter\linkResolver.cpp, line 759]
Event: 30.183 Thread 0x000001973e4cd390 Exception <a 'java/lang/NoSuchMethodError'{0x00000000ead658b8}: 'int java.lang.invoke.DirectMethodHandle$Holder.invokeStatic(java.lang.Object, long)'> (0x00000000ead658b8) 
thrown [s\src\hotspot\share\interpreter\linkResolver.cpp, line 759]
Event: 30.193 Thread 0x000001973e4cd390 Exception <a 'java/lang/NoSuchMethodError'{0x00000000eae0fe88}: 'int java.lang.invoke.Invokers$Holder.linkToTargetMethod(java.lang.Object, java.lang.Object)'> (0x00000000eae0fe88) 
thrown [s\src\hotspot\share\interpreter\linkResolver.cpp, line 759]
Event: 30.197 Thread 0x000001973e4cd390 Exception <a 'java/lang/NoSuchMethodError'{0x00000000eae14dc8}: 'java.lang.Object java.lang.invoke.DirectMethodHandle$Holder.invokeSpecial(java.lang.Object, java.lang.Object, java.lang.Object, java.lang.Object, java.lang.Object, java.lang.Object, java.lang.Object, java.lang.Object, java.lang.Object, java.lang.Object, java.lang.Object)'> (0x00000000eae14dc8) 
thrown [s\src\hotspot\share\interpreter\linkResolver.cpp, line 759]
Event: 30.197 Thread 0x000001973e4cd390 Exception <a 'java/lang/NoSuchMethodError'{0x00000000eaebcb10}: 'java.lang.Object java.lang.invoke.Invokers$Holder.invoke_MT(java.lang.Object, java.lang.Object, java.lang.Object, java.lang.Object, java.lang.Object, java.lang.Object, java.lang.Object, java.lang.Object, java.lang.Object, java.lang.Object, java.lang.Object)'> (0x00000000eaebcb10) 
thrown [s\src\hotspot\share\interpreter\linkResolver.cpp, line 759]
Event: 30.214 Thread 0x000001973e4cd390 Exception <a 'java/lang/NoSuchMethodError'{0x00000000eb034cf0}: 'java.lang.Object java.lang.invoke.DirectMethodHandle$Holder.newInvokeSpecial(java.lang.Object, java.lang.Object, java.lang.Object, java.lang.Object, java.lang.Object, java.lang.Object, java.lang.Object, java.lang.Object)'> (0x00000000eb034cf0) 
thrown [s\src\hotspot\share\interpreter\linkResolver.cpp, line 759]
Event: 30.214 Thread 0x000001973e4cd390 Exception <a 'java/lang/NoSuchMethodError'{0x00000000eb039c58}: 'java.lang.Object java.lang.invoke.DirectMethodHandle$Holder.invokeSpecial(java.lang.Object, java.lang.Object, java.lang.Object, java.lang.Object, java.lang.Object, java.lang.Object, java.lang.Object, java.lang.Object, java.lang.Object)'> (0x00000000eb039c58) 
thrown [s\src\hotspot\share\interpreter\linkResolver.cpp, line 759]
Event: 30.214 Thread 0x000001973e4cd390 Exception <a 'java/lang/NoSuchMethodError'{0x00000000eb0c9390}: 'java.lang.Object java.lang.invoke.Invokers$Holder.linkToTargetMethod(java.lang.Object, java.lang.Object, java.lang.Object, java.lang.Object, java.lang.Object, java.lang.Object, java.lang.Object, java.lang.Object)'> (0x00000000eb0c9390) 
thrown [s\src\hotspot\share\interpreter\linkResolver.cpp, line 759]
Event: 30.217 Thread 0x000001973e4cd390 Exception <a 'java/lang/NoSuchMethodError'{0x00000000eb109090}: 'java.lang.Object java.lang.invoke.DirectMethodHandle$Holder.invokeSpecial(java.lang.Object, java.lang.Object, java.lang.Object, int, java.lang.Object, java.lang.Object)'> (0x00000000eb109090) 
thrown [s\src\hotspot\share\interpreter\linkResolver.cpp, line 759]
Event: 30.218 Thread 0x000001973e4cd390 Exception <a 'java/lang/NoSuchMethodError'{0x00000000eb110bb8}: 'java.lang.Object java.lang.invoke.DirectMethodHandle$Holder.newInvokeSpecial(java.lang.Object, java.lang.Object, java.lang.Object, int)'> (0x00000000eb110bb8) 
thrown [s\src\hotspot\share\interpreter\linkResolver.cpp, line 759]
Event: 30.218 Thread 0x000001973e4cd390 Exception <a 'java/lang/NoSuchMethodError'{0x00000000eb114cc0}: 'java.lang.Object java.lang.invoke.DirectMethodHandle$Holder.invokeSpecial(java.lang.Object, java.lang.Object, java.lang.Object, java.lang.Object, int)'> (0x00000000eb114cc0) 
thrown [s\src\hotspot\share\interpreter\linkResolver.cpp, line 759]
Event: 30.218 Thread 0x000001973e4cd390 Exception <a 'java/lang/NoSuchMethodError'{0x00000000eb17cea0}: 'java.lang.Object java.lang.invoke.Invokers$Holder.linkToTargetMethod(java.lang.Object, java.lang.Object, int, java.lang.Object)'> (0x00000000eb17cea0) 
thrown [s\src\hotspot\share\interpreter\linkResolver.cpp, line 759]
Event: 30.225 Thread 0x000001973e4cd390 Exception <a 'java/lang/NoSuchMethodError'{0x00000000eb2a5840}: 'void java.lang.invoke.DirectMethodHandle$Holder.invokeStatic(java.lang.Object, int)'> (0x00000000eb2a5840) 
thrown [s\src\hotspot\share\interpreter\linkResolver.cpp, line 759]
Event: 30.526 Thread 0x000001973e4cd390 Exception <a 'java/io/FileNotFoundException'{0x00000000eaeda608}> (0x00000000eaeda608) 
thrown [s\src\hotspot\share\prims\jni.cpp, line 516]
Event: 30.863 Thread 0x000001973e4cc050 Implicit null exception at 0x0000019731f2a22b to 0x0000019731f356d4
Event: 33.550 Thread 0x000001973e4cd390 Exception <a 'java/lang/NoSuchMethodError'{0x00000000eac56198}: 'java.lang.Object java.lang.invoke.DirectMethodHandle$Holder.invokeInterface(java.lang.Object, java.lang.Object, java.lang.Object)'> (0x00000000eac56198) 
thrown [s\src\hotspot\share\interpreter\linkResolver.cpp, line 759]
Event: 33.558 Thread 0x000001973e4cd390 Exception <a 'java/lang/NoSuchMethodError'{0x00000000eadc0e28}: 'int java.lang.invoke.DirectMethodHandle$Holder.invokeSpecialIFC(java.lang.Object, java.lang.Object, java.lang.Object)'> (0x00000000eadc0e28) 
thrown [s\src\hotspot\share\interpreter\linkResolver.cpp, line 759]
Event: 33.579 Thread 0x000001973e4cd390 Exception <a 'java/lang/NoSuchMethodError'{0x00000000eb12d5d0}: 'java.lang.Object java.lang.invoke.DirectMethodHandle$Holder.invokeSpecial(java.lang.Object, java.lang.Object, java.lang.Object, java.lang.Object, java.lang.Object, java.lang.Object, java.lang.Object, java.lang.Object, java.lang.Object, java.lang.Object, java.lang.Object, java.lang.Object, java.lang.Object)'> (0x00000000eb12d5d0) 
thrown [s\src\hotspot\share\interpreter\linkResolver.cpp, line 759]
Event: 33.580 Thread 0x000001973e4cd390 Exception <a 'java/lang/NoSuchMethodError'{0x00000000eb180720}: 'java.lang.Object java.lang.invoke.Invokers$Holder.invoker(java.lang.Object, java.lang.Object, java.lang.Object, java.lang.Object, java.lang.Object, java.lang.Object, java.lang.Object, java.lang.Object, java.lang.Object, java.lang.Object, java.lang.Object, java.lang.Object, java.lang.Object)'> (0x00000000eb180720) 
thrown [s\src\hotspot\share\interpreter\linkResolver.cpp, line 759]
Event: 33.580 Thread 0x000001973e4cd390 Exception <a 'java/lang/NoSuchMethodError'{0x00000000eb187528}: 'java.lang.Object java.lang.invoke.DirectMethodHandle$Holder.invokeSpecial(java.lang.Object, java.lang.Object, java.lang.Object, java.lang.Object, java.lang.Object, java.lang.Object, java.lang.Object, java.lang.Object, java.lang.Object, java.lang.Object, java.lang.Object, java.lang.Object, java.lang.Object, java.lang.Object)'> (0x00000000eb187528) 
thrown [s\src\hotspot\share\interpreter\linkResolver.cpp, line 759]

VM Operations (20 events):
Event: 46.980 Executing VM operation: ParallelGCFailedAllocation
Event: 46.987 Executing VM operation: ParallelGCFailedAllocation done
Event: 47.056 Executing VM operation: ParallelGCFailedAllocation
Event: 47.062 Executing VM operation: ParallelGCFailedAllocation done
Event: 47.075 Executing VM operation: ParallelGCFailedAllocation
Event: 47.081 Executing VM operation: ParallelGCFailedAllocation done
Event: 47.113 Executing VM operation: ParallelGCFailedAllocation
Event: 47.122 Executing VM operation: ParallelGCFailedAllocation done
Event: 47.149 Executing VM operation: ParallelGCFailedAllocation
Event: 47.157 Executing VM operation: ParallelGCFailedAllocation done
Event: 47.198 Executing VM operation: ParallelGCFailedAllocation
Event: 47.206 Executing VM operation: ParallelGCFailedAllocation done
Event: 47.239 Executing VM operation: ParallelGCFailedAllocation
Event: 47.246 Executing VM operation: ParallelGCFailedAllocation done
Event: 47.306 Executing VM operation: ParallelGCFailedAllocation
Event: 47.314 Executing VM operation: ParallelGCFailedAllocation done
Event: 47.364 Executing VM operation: ParallelGCFailedAllocation
Event: 47.372 Executing VM operation: ParallelGCFailedAllocation done
Event: 47.409 Executing VM operation: ParallelGCFailedAllocation
Event: 47.418 Executing VM operation: ParallelGCFailedAllocation done

Events (20 events):
Event: 30.164 loading class java/lang/invoke/MethodHandleImpl$Makers done
Event: 30.164 loading class java/lang/invoke/MethodHandleImpl$Makers$1
Event: 30.165 loading class java/lang/invoke/MethodHandleImpl$Makers$1 done
Event: 30.165 loading class java/lang/invoke/MethodHandleImpl$Makers$2
Event: 30.165 loading class java/lang/invoke/MethodHandleImpl$Makers$2 done
Event: 30.165 loading class java/lang/invoke/MethodHandleImpl$Makers$3
Event: 30.165 loading class java/lang/invoke/MethodHandleImpl$Makers$3 done
Event: 30.172 loading class java/lang/invoke/DirectMethodHandle$EnsureInitialized
Event: 30.173 loading class java/lang/invoke/DirectMethodHandle$EnsureInitialized done
Event: 30.173 loading class java/lang/invoke/BoundMethodHandle$Species_I
Event: 30.173 loading class java/lang/invoke/BoundMethodHandle$Species_I done
Event: 30.174 loading class java/lang/runtime/ObjectMethods$1
Event: 30.175 loading class java/lang/runtime/ObjectMethods$1 done
Event: 30.188 loading class java/lang/invoke/DirectMethodHandle$1
Event: 30.188 loading class java/lang/invoke/DirectMethodHandle$1 done
Event: 33.554 loading class java/util/Collections$2
Event: 33.555 loading class java/util/Collections$2 done
Event: 34.125 Thread 0x000001973ceeb100 flushing nmethod 0x0000019731ee3410
Event: 34.137 loading class sun/nio/cs/ISO_8859_1$Decoder
Event: 34.137 loading class sun/nio/cs/ISO_8859_1$Decoder done


Dynamic libraries:
0x00007ff630990000 - 0x00007ff63099e000 	c:\Users\anuki\.antigravity\extensions\redhat.java-1.12.0-win32-x64\jre\17.0.4.1-win32-x86_64\bin\java.exe
0x00007ffdb20f0000 - 0x00007ffdb2307000 	C:\Windows\SYSTEM32\ntdll.dll
0x00007ffdb0b40000 - 0x00007ffdb0c04000 	C:\Windows\System32\KERNEL32.DLL
0x00007ffdaf740000 - 0x00007ffdafb13000 	C:\Windows\System32\KERNELBASE.dll
0x00007ffdaf620000 - 0x00007ffdaf731000 	C:\Windows\System32\ucrtbase.dll
0x00007ffd84320000 - 0x00007ffd84338000 	c:\Users\anuki\.antigravity\extensions\redhat.java-1.12.0-win32-x64\jre\17.0.4.1-win32-x86_64\bin\jli.dll
0x00007ffdaffa0000 - 0x00007ffdb0151000 	C:\Windows\System32\USER32.dll
0x00007ffdafb50000 - 0x00007ffdafb76000 	C:\Windows\System32\win32u.dll
0x00007ffdb2080000 - 0x00007ffdb20a9000 	C:\Windows\System32\GDI32.dll
0x00007ffd85a90000 - 0x00007ffd85aa9000 	c:\Users\anuki\.antigravity\extensions\redhat.java-1.12.0-win32-x64\jre\17.0.4.1-win32-x86_64\bin\VCRUNTIME140.dll
0x00007ffdaf300000 - 0x00007ffdaf422000 	C:\Windows\System32\gdi32full.dll
0x00007ffdaf260000 - 0x00007ffdaf2fa000 	C:\Windows\System32\msvcp_win.dll
0x00007ffd939e0000 - 0x00007ffd93c7b000 	C:\Windows\WinSxS\amd64_microsoft.windows.common-controls_6595b64144ccf1df_6.0.22621.5262_none_2712bde373830908\COMCTL32.dll
0x00007ffdb1ac0000 - 0x00007ffdb1b67000 	C:\Windows\System32\msvcrt.dll
0x00007ffdb0170000 - 0x00007ffdb01a1000 	C:\Windows\System32\IMM32.DLL
0x00007ffda4a70000 - 0x00007ffda4a7c000 	c:\Users\anuki\.antigravity\extensions\redhat.java-1.12.0-win32-x64\jre\17.0.4.1-win32-x86_64\bin\vcruntime140_1.dll
0x00007ffd5f090000 - 0x00007ffd5f121000 	c:\Users\anuki\.antigravity\extensions\redhat.java-1.12.0-win32-x64\jre\17.0.4.1-win32-x86_64\bin\msvcp140.dll
0x00007ffd00b50000 - 0x00007ffd01796000 	c:\Users\anuki\.antigravity\extensions\redhat.java-1.12.0-win32-x64\jre\17.0.4.1-win32-x86_64\bin\server\jvm.dll
0x00007ffdafe40000 - 0x00007ffdafef1000 	C:\Windows\System32\ADVAPI32.dll
0x00007ffdb1170000 - 0x00007ffdb1217000 	C:\Windows\System32\sechost.dll
0x00007ffdafb20000 - 0x00007ffdafb48000 	C:\Windows\System32\bcrypt.dll
0x00007ffdb0c10000 - 0x00007ffdb0d24000 	C:\Windows\System32\RPCRT4.dll
0x00007ffdb2070000 - 0x00007ffdb2078000 	C:\Windows\System32\PSAPI.DLL
0x00007ffd7bee0000 - 0x00007ffd7bee9000 	C:\Windows\SYSTEM32\WSOCK32.dll
0x00007ffdb1f10000 - 0x00007ffdb1f81000 	C:\Windows\System32\WS2_32.dll
0x00007ffd975c0000 - 0x00007ffd975ca000 	C:\Windows\SYSTEM32\VERSION.dll
0x00007ffdab3f0000 - 0x00007ffdab424000 	C:\Windows\SYSTEM32\WINMM.dll
0x00007ffdae1f0000 - 0x00007ffdae208000 	C:\Windows\SYSTEM32\kernel.appcore.dll
0x00007ffda0e20000 - 0x00007ffda0e2a000 	c:\Users\anuki\.antigravity\extensions\redhat.java-1.12.0-win32-x64\jre\17.0.4.1-win32-x86_64\bin\jimage.dll
0x00007ffdacb00000 - 0x00007ffdacd32000 	C:\Windows\SYSTEM32\DBGHELP.DLL
0x00007ffdb0d30000 - 0x00007ffdb10c3000 	C:\Windows\System32\combase.dll
0x00007ffdb1f90000 - 0x00007ffdb2067000 	C:\Windows\System32\OLEAUT32.dll
0x00007ffd93970000 - 0x00007ffd939a2000 	C:\Windows\SYSTEM32\dbgcore.DLL
0x00007ffdaf430000 - 0x00007ffdaf4ab000 	C:\Windows\System32\bcryptPrimitives.dll
0x00007ffd99040000 - 0x00007ffd9904e000 	c:\Users\anuki\.antigravity\extensions\redhat.java-1.12.0-win32-x64\jre\17.0.4.1-win32-x86_64\bin\instrument.dll
0x00007ffd7d4b0000 - 0x00007ffd7d4d5000 	c:\Users\anuki\.antigravity\extensions\redhat.java-1.12.0-win32-x64\jre\17.0.4.1-win32-x86_64\bin\java.dll
0x00007ffd84300000 - 0x00007ffd84318000 	c:\Users\anuki\.antigravity\extensions\redhat.java-1.12.0-win32-x64\jre\17.0.4.1-win32-x86_64\bin\zip.dll
0x00007ffdb1220000 - 0x00007ffdb1abd000 	C:\Windows\System32\SHELL32.dll
0x00007ffdafc40000 - 0x00007ffdafd7f000 	C:\Windows\System32\wintypes.dll
0x00007ffdad0d0000 - 0x00007ffdad9ed000 	C:\Windows\SYSTEM32\windows.storage.dll
0x00007ffdb0220000 - 0x00007ffdb032b000 	C:\Windows\System32\SHCORE.dll
0x00007ffdb01b0000 - 0x00007ffdb0216000 	C:\Windows\System32\shlwapi.dll
0x00007ffdaf110000 - 0x00007ffdaf13b000 	C:\Windows\SYSTEM32\profapi.dll
0x00007ffd7e210000 - 0x00007ffd7e229000 	C:\Users\anuki\.antigravity\extensions\redhat.java-1.12.0-win32-x64\jre\17.0.4.1-win32-x86_64\bin\net.dll
0x00007ffdaa850000 - 0x00007ffdaa97c000 	C:\Windows\SYSTEM32\WINHTTP.dll
0x00007ffdae660000 - 0x00007ffdae6ca000 	C:\Windows\system32\mswsock.dll
0x00007ffd7c090000 - 0x00007ffd7c0a5000 	C:\Users\anuki\.antigravity\extensions\redhat.java-1.12.0-win32-x64\jre\17.0.4.1-win32-x86_64\bin\nio.dll
0x00007ffd98c50000 - 0x00007ffd98c60000 	c:\Users\anuki\.antigravity\extensions\redhat.java-1.12.0-win32-x64\jre\17.0.4.1-win32-x86_64\bin\verify.dll
0x00007ffd73510000 - 0x00007ffd7354e000 	C:\Users\anuki\AppData\Roaming\Antigravity\User\globalStorage\redhat.java\1.12.0\config_win\org.eclipse.equinox.launcher\org.eclipse.equinox.launcher.win32.win32.x86_64_1.2.600.v20220720-1916\eclipse_11700.dll
0x00007ffdb1d60000 - 0x00007ffdb1f01000 	C:\Windows\System32\ole32.dll
0x00007ffdae8d0000 - 0x00007ffdae8eb000 	C:\Windows\SYSTEM32\CRYPTSP.dll
0x00007ffdae140000 - 0x00007ffdae177000 	C:\Windows\system32\rsaenh.dll
0x00007ffdae740000 - 0x00007ffdae768000 	C:\Windows\SYSTEM32\USERENV.dll
0x00007ffdae8f0000 - 0x00007ffdae8fc000 	C:\Windows\SYSTEM32\CRYPTBASE.dll
0x00007ffdadc40000 - 0x00007ffdadc6d000 	C:\Windows\SYSTEM32\IPHLPAPI.DLL
0x00007ffdb0160000 - 0x00007ffdb0169000 	C:\Windows\System32\NSI.dll
0x00007ffdaa640000 - 0x00007ffdaa659000 	C:\Windows\SYSTEM32\dhcpcsvc6.DLL
0x00007ffdaa500000 - 0x00007ffdaa51f000 	C:\Windows\SYSTEM32\dhcpcsvc.DLL
0x00007ffdadc70000 - 0x00007ffdadd68000 	C:\Windows\SYSTEM32\DNSAPI.dll
0x00007ffd6f650000 - 0x00007ffd6f690000 	C:\Users\anuki\AppData\Local\Temp\jna-92974406\jna5459691031569799114.dll

dbghelp: loaded successfully - version: 4.0.5 - missing functions: none
symbol engine: initialized successfully - sym options: 0x614 - pdb path: .;c:\Users\anuki\.antigravity\extensions\redhat.java-1.12.0-win32-x64\jre\17.0.4.1-win32-x86_64\bin;C:\Windows\SYSTEM32;C:\Windows\WinSxS\amd64_microsoft.windows.common-controls_6595b64144ccf1df_6.0.22621.5262_none_2712bde373830908;c:\Users\anuki\.antigravity\extensions\redhat.java-1.12.0-win32-x64\jre\17.0.4.1-win32-x86_64\bin\server;C:\Users\anuki\AppData\Roaming\Antigravity\User\globalStorage\redhat.java\1.12.0\config_win\org.eclipse.equinox.launcher\org.eclipse.equinox.launcher.win32.win32.x86_64_1.2.600.v20220720-1916;C:\Users\anuki\AppData\Local\Temp\jna-92974406

VM Arguments:
jvm_args: --add-modules=ALL-SYSTEM --add-opens=java.base/java.util=ALL-UNNAMED --add-opens=java.base/java.lang=ALL-UNNAMED --add-opens=java.base/sun.nio.fs=ALL-UNNAMED -Declipse.application=org.eclipse.jdt.ls.core.id1 -Dosgi.bundles.defaultStartLevel=4 -Declipse.product=org.eclipse.jdt.ls.core.product -Djava.import.generatesMetadataFilesAtProjectRoot=false -Dfile.encoding=utf8 -XX:+UseParallelGC -XX:GCTimeRatio=4 -XX:AdaptiveSizePolicyWeight=90 -Dsun.zip.disableMemoryMapping=true -Xmx1G -Xms100m -Xlog:disable -javaagent:c:\Users\anuki\.antigravity\extensions\redhat.java-1.12.0-win32-x64\lombok\lombok-1.18.24.jar -XX:+HeapDumpOnOutOfMemoryError -XX:HeapDumpPath=c:\Users\anuki\AppData\Roaming\Antigravity\User\workspaceStorage\04889d1cc4e80945d8b27b13eb4f74ee\redhat.java 
java_command: c:\Users\anuki\.antigravity\extensions\redhat.java-1.12.0-win32-x64\server\plugins\org.eclipse.equinox.launcher_1.6.400.v20210924-0641.jar -configuration c:\Users\anuki\AppData\Roaming\Antigravity\User\globalStorage\redhat.java\1.12.0\config_win -data c:\Users\anuki\AppData\Roaming\Antigravity\User\workspaceStorage\04889d1cc4e80945d8b27b13eb4f74ee\redhat.java\jdt_ws
java_class_path (initial): c:\Users\anuki\.antigravity\extensions\redhat.java-1.12.0-win32-x64\server\plugins\org.eclipse.equinox.launcher_1.6.400.v20210924-0641.jar
Launcher Type: SUN_STANDARD

[Global flags]
    uintx AdaptiveSizePolicyWeight                 = 90                                        {product} {command line}
     intx CICompilerCount                          = 4                                         {product} {ergonomic}
    uintx GCTimeRatio                              = 4                                         {product} {command line}
     bool HeapDumpOnOutOfMemoryError               = true                                   {manageable} {command line}
    ccstr HeapDumpPath                             = c:\Users\anuki\AppData\Roaming\Antigravity\User\workspaceStorage\04889d1cc4e80945d8b27b13eb4f74ee\redhat.java         {manageable} {command line}
   size_t InitialHeapSize                          = 104857600                                 {product} {command line}
   size_t MaxHeapSize                              = 1073741824                                {product} {command line}
   size_t MaxNewSize                               = 357564416                                 {product} {ergonomic}
   size_t MinHeapDeltaBytes                        = 524288                                    {product} {ergonomic}
   size_t MinHeapSize                              = 104857600                                 {product} {command line}
   size_t NewSize                                  = 34603008                                  {product} {ergonomic}
    uintx NonNMethodCodeHeapSize                   = 5839372                                {pd product} {ergonomic}
    uintx NonProfiledCodeHeapSize                  = 122909434                              {pd product} {ergonomic}
   size_t OldSize                                  = 70254592                                  {product} {ergonomic}
    uintx ProfiledCodeHeapSize                     = 122909434                              {pd product} {ergonomic}
    uintx ReservedCodeCacheSize                    = 251658240                              {pd product} {ergonomic}
     bool SegmentedCodeCache                       = true                                      {product} {ergonomic}
   size_t SoftMaxHeapSize                          = 1073741824                             {manageable} {ergonomic}
     bool UseCompressedClassPointers               = true                           {product lp64_product} {ergonomic}
     bool UseCompressedOops                        = true                           {product lp64_product} {ergonomic}
     bool UseLargePagesIndividualAllocation        = false                                  {pd product} {ergonomic}
     bool UseParallelGC                            = true                                      {product} {command line}

Logging:
Log output configuration:
 #0: stdout all=off uptime,level,tags
 #1: stderr all=off uptime,level,tags

Environment Variables:
JAVA_HOME=C:\Program Files\Java\jdk-25.0.2
PATH=C:\Program Files\Common Files\Oracle\Java\javapath;C:\Program Files\Eclipse Adoptium\jdk-17.0.18.8-hotspot\bin;C:\Windows\system32;C:\Windows;C:\Windows\System32\Wbem;C:\Windows\System32\WindowsPowerShell\v1.0\;C:\Windows\System32\OpenSSH\;C:\Program Files\dotnet\;C:\Program Files\MATLAB\R2018a\runtime\win64;C:\Program Files\MATLAB\R2018a\bin;C:\Program Files\Git\cmd;C:\ProgramData\Microsoft\Windows\Start Menu\Programs\Node.js;C:\Program Files\cursor\resources\app\bin;C:\Program Files\nodejs\;C:\Program Files\Java\jdk-25.0.2\bin;C:\Program Files\apache-maven-3.9.13\bin;C:\Users\anuki\AppData\Local\Programs\Python\Launcher\;C:\Users\anuki\AppData\Local\Microsoft\WindowsApps;C:\Users\anuki\AppData\Local\Programs\Microsoft VS Code\bin;C:\ProgramData\Microsoft\Windows\Start Menu\Programs\Node.js;C:\Users\anuki\AppData\Local\Programs\Antigravity\bin;C:\Users\anuki\AppData\Roaming\npm;C:\Users\anuki\Downloads\apache-maven-3.9.13-bin\apache-maven-3.9.13;
USERNAME=anuki
OS=Windows_NT
PROCESSOR_IDENTIFIER=Intel64 Family 6 Model 154 Stepping 4, GenuineIntel
TMP=C:\Users\anuki\AppData\Local\Temp
TEMP=C:\Users\anuki\AppData\Local\Temp



---------------  S Y S T E M  ---------------

OS:
 Windows 11 , 64 bit Build 22621 (10.0.22621.5262)
OS uptime: 15 days 4:24 hours
Hyper-V role detected

CPU: total 12 (initial active 12) (6 cores per cpu, 2 threads per core) family 6 model 154 stepping 4 microcode 0x43b, cx8, cmov, fxsr, ht, mmx, 3dnowpref, sse, sse2, sse3, ssse3, sse4.1, sse4.2, popcnt, lzcnt, tsc, tscinvbit, avx, avx2, aes, erms, clmul, bmi1, bmi2, adx, sha, fma, vzeroupper, clflush, clflushopt, clwb, hv

Memory: 4k page, system-wide physical 7876M (223M free)
TotalPageFile size 17904M (AvailPageFile size 1M)
current process WorkingSet (physical memory assigned to process): 611M, peak: 612M
current process commit charge ("private bytes"): 887M, peak: 927M

vm_info: OpenJDK 64-Bit Server VM (17.0.4.1+1) for windows-amd64 JRE (17.0.4.1+1), built on Aug 17 2022 07:42:43 by "temurin" with MS VC++ 16.7 (VS2019)

END.
